<?xml version="1.0" encoding="UTF-8" ?>
<testsuite tests="36" failures="2" name="com.centrica.assetTracking.tests.runner.TestRunner" time="0" errors="0" skipped="5">
  <properties>
    <property name="java.runtime.name" value="Java(TM) SE Runtime Environment"/>
    <property name="sun.boot.library.path" value="C:\Program Files\Java\jdk1.8.0_74\jre\bin"/>
    <property name="java.vm.version" value="25.74-b02"/>
    <property name="java.vm.vendor" value="Oracle Corporation"/>
    <property name="maven.multiModuleProjectDirectory" value="C:\Users\mt000a\IdeaProjects\Asset_tracking_RESTAPITesting_Framework"/>
    <property name="java.vendor.url" value="http://java.oracle.com/"/>
    <property name="path.separator" value=";"/>
    <property name="guice.disable.misplaced.annotation.check" value="true"/>
    <property name="java.vm.name" value="Java HotSpot(TM) 64-Bit Server VM"/>
    <property name="file.encoding.pkg" value="sun.io"/>
    <property name="user.script" value=""/>
    <property name="user.country" value="GB"/>
    <property name="sun.java.launcher" value="SUN_STANDARD"/>
    <property name="sun.os.patch.level" value=""/>
    <property name="java.vm.specification.name" value="Java Virtual Machine Specification"/>
    <property name="user.dir" value="C:\Users\mt000a\IdeaProjects\Asset_tracking_RESTAPITesting_Framework"/>
    <property name="java.runtime.version" value="1.8.0_74-b02"/>
    <property name="java.awt.graphicsenv" value="sun.awt.Win32GraphicsEnvironment"/>
    <property name="java.endorsed.dirs" value="C:\Program Files\Java\jdk1.8.0_74\jre\lib\endorsed"/>
    <property name="os.arch" value="amd64"/>
    <property name="java.io.tmpdir" value="C:\Users\mt000a\AppData\Local\Temp\"/>
    <property name="line.separator" value="
"/>
    <property name="java.vm.specification.vendor" value="Oracle Corporation"/>
    <property name="user.variant" value=""/>
    <property name="os.name" value="Windows 10"/>
    <property name="classworlds.conf" value="C:\Maven\apache-maven-3.5.2\bin\..\bin\m2.conf"/>
    <property name="sun.jnu.encoding" value="Cp1252"/>
    <property name="java.library.path" value="C:\Program Files\Java\jdk1.8.0_74\bin;C:\WINDOWS\Sun\Java\bin;C:\WINDOWS\system32;C:\WINDOWS;C:\Program Files\Java\jdk1.8.0_74\bin;C:\ProgramData\Oracle\Java\javapath;C:\Program Files (x86)\RSA SecurID Token Common;C:\Program Files\RSA SecurID Token Common;C:\Program Files\Common Files\Microsoft Shared\Microsoft Online Services;C:\Program Files (x86)\Common Files\Microsoft Shared\Microsoft Online Services;C:\WINDOWS\system32;C:\WINDOWS;C:\WINDOWS\System32\Wbem;C:\WINDOWS\System32\WindowsPowerShell\v1.0\;C:\Program Files (x86)\SafeCom\SafeComPrintClient;C:\Maven\apache-maven-3.5.2\bin;%M2_HOME%\bin;C:\Program Files\PuTTY\;C:\Users\mt000a\AppData\Local\Microsoft\WindowsApps;C:\Users\mt000a\AppData\Local\Programs\Git\cmd;."/>
    <property name="maven.conf" value="C:\Maven\apache-maven-3.5.2\bin\../conf"/>
    <property name="java.specification.name" value="Java Platform API Specification"/>
    <property name="java.class.version" value="52.0"/>
    <property name="sun.management.compiler" value="HotSpot 64-Bit Tiered Compilers"/>
    <property name="os.version" value="10.0"/>
    <property name="library.jansi.path" value="C:\Maven\apache-maven-3.5.2\bin\..\lib\jansi-native"/>
    <property name="user.home" value="C:\Users\mt000a"/>
    <property name="user.timezone" value="Europe/London"/>
    <property name="java.awt.printerjob" value="sun.awt.windows.WPrinterJob"/>
    <property name="java.specification.version" value="1.8"/>
    <property name="file.encoding" value="Cp1252"/>
    <property name="user.name" value="mt000a"/>
    <property name="java.class.path" value="C:\Maven\apache-maven-3.5.2\bin\..\boot\plexus-classworlds-2.5.2.jar"/>
    <property name="java.vm.specification.version" value="1.8"/>
    <property name="sun.arch.data.model" value="64"/>
    <property name="java.home" value="C:\Program Files\Java\jdk1.8.0_74\jre"/>
    <property name="sun.java.command" value="org.codehaus.plexus.classworlds.launcher.Launcher clean test"/>
    <property name="java.specification.vendor" value="Oracle Corporation"/>
    <property name="user.language" value="en"/>
    <property name="awt.toolkit" value="sun.awt.windows.WToolkit"/>
    <property name="java.vm.info" value="mixed mode"/>
    <property name="java.version" value="1.8.0_74"/>
    <property name="java.ext.dirs" value="C:\Program Files\Java\jdk1.8.0_74\jre\lib\ext;C:\WINDOWS\Sun\Java\lib\ext"/>
    <property name="sun.boot.class.path" value="C:\Program Files\Java\jdk1.8.0_74\jre\lib\resources.jar;C:\Program Files\Java\jdk1.8.0_74\jre\lib\rt.jar;C:\Program Files\Java\jdk1.8.0_74\jre\lib\sunrsasign.jar;C:\Program Files\Java\jdk1.8.0_74\jre\lib\jsse.jar;C:\Program Files\Java\jdk1.8.0_74\jre\lib\jce.jar;C:\Program Files\Java\jdk1.8.0_74\jre\lib\charsets.jar;C:\Program Files\Java\jdk1.8.0_74\jre\lib\jfr.jar;C:\Program Files\Java\jdk1.8.0_74\jre\classes"/>
    <property name="sun.stderr.encoding" value="cp850"/>
    <property name="java.vendor" value="Oracle Corporation"/>
    <property name="maven.home" value="C:\Maven\apache-maven-3.5.2\bin\.."/>
    <property name="file.separator" value="\"/>
    <property name="java.vendor.url.bug" value="http://bugreport.sun.com/bugreport/"/>
    <property name="sun.cpu.endian" value="little"/>
    <property name="sun.io.unicode.encoding" value="UnicodeLittle"/>
    <property name="sun.stdout.encoding" value="cp850"/>
    <property name="sun.desktop" value="windows"/>
    <property name="sun.cpu.isalist" value="amd64"/>
  </properties>
  <testcase classname="Scenario: GET the customer information by Customer Id" name="Given Build the rest request with content-type and basic auth details" time="0"/>
  <testcase classname="Scenario: GET the customer information by Customer Id" name="When Initiate Rest service to get customer details with Customer Id as &quot;3000083750&quot;" time="0"/>
  <testcase classname="Scenario: GET the customer information by Customer Id" name="Then REST Response HTTP status code should be &quot;200&quot;" time="0"/>
  <testcase classname="Scenario: GET the customer information by Customer Id" name="And response should includes the following customer details" time="0"/>
  <testcase classname="Scenario: GET the customer information by Customer Id" name="Scenario: GET the customer information by Customer Id" time="0"/>
  <testcase classname="Scenario: GET the customer information by phoneNo" name="Given Build the rest request with content-type and basic auth details" time="0"/>
  <testcase classname="Scenario: GET the customer information by phoneNo" name="When Initiate Rest service to get customer details with phone No as &quot;00447778889994&quot;" time="0"/>
  <testcase classname="Scenario: GET the customer information by phoneNo" name="Then REST Response HTTP status code should be &quot;200&quot;" time="0"/>
  <testcase classname="Scenario: GET the customer information by phoneNo" name="And response should includes the following customer details" time="0"/>
  <testcase classname="Scenario: GET the customer information by phoneNo" name="Scenario: GET the customer information by phoneNo" time="0"/>
  <testcase classname="Scenario: GET the customer information by Account No" name="Given Build the rest request with content-type and basic auth details" time="0"/>
  <testcase classname="Scenario: GET the customer information by Account No" name="When Initiate Rest service to get customer details with Account No as &quot;850040644543&quot;" time="0"/>
  <testcase classname="Scenario: GET the customer information by Account No" name="Then REST Response HTTP status code should be &quot;200&quot;" time="0"/>
  <testcase classname="Scenario: GET the customer information by Account No" name="And response should includes the following customer details" time="0"/>
  <testcase classname="Scenario: GET the customer information by Account No" name="Scenario: GET the customer information by Account No" time="0"/>
  <testcase classname="Scenario: Testing POSTCode lookup endpoint" name="Given Engineer login to CI app" time="0"/>
  <testcase classname="Scenario: Testing POSTCode lookup endpoint" name="When he enters post code of customer &quot;DM001PL&quot;" time="0"/>
  <testcase classname="Scenario: Testing POSTCode lookup endpoint" name="Then response should have status &apos;200&apos;" time="0"/>
  <testcase classname="Scenario: Testing POSTCode lookup endpoint" name="And CI app should display all the address" time="0"/>
  <testcase classname="Scenario: Testing POSTCode lookup endpoint" name="Scenario: Testing POSTCode lookup endpoint" time="0"/>
  <testcase classname="| 404 | Invalid UK postcode, postcode must be in the given format TW20 8NJ, including a space |" name="Given Engineer login to CI app" time="0"/>
  <testcase classname="| 404 | Invalid UK postcode, postcode must be in the given format TW20 8NJ, including a space |" name="When he enters invalid post code of customer &quot;DM002PL00&quot;" time="0"/>
  <testcase classname="| 404 | Invalid UK postcode, postcode must be in the given format TW20 8NJ, including a space |" name="Then response should have HTTP status 404" time="0"/>
  <testcase classname="| 404 | Invalid UK postcode, postcode must be in the given format TW20 8NJ, including a space |" name="And response should have following error message Invalid UK postcode, postcode must be in the given format TW20 8NJ, including a space" time="0">
    <failure message="Error message Check Failed!" type="java.lang.AssertionError">java.lang.AssertionError: Error message Check Failed!
	at org.junit.Assert.fail(Assert.java:88)
	at org.junit.Assert.assertTrue(Assert.java:41)
	at com.centrica.assetTracking.tests.stepDefinitions.FDE_Stepdefs.response_should_have_following_error_message_Invalid_UK_postcode_postcode_must_be_in_the_given_format_TW_NJ_including_a_space(FDE_Stepdefs.java:92)
	at ✽.And response should have following error message Invalid UK postcode, postcode must be in the given format TW20 8NJ, including a space(testFDE_endpoints.feature:13)
</failure>
  </testcase>
  <testcase classname="| 404 | Invalid UK postcode, postcode must be in the given format TW20 8NJ, including a space |" name="| 404 | Invalid UK postcode, postcode must be in the given format TW20 8NJ, including a space |" time="0">
    <failure message="Error message Check Failed!" type="java.lang.AssertionError">java.lang.AssertionError: Error message Check Failed!
	at org.junit.Assert.fail(Assert.java:88)
	at org.junit.Assert.assertTrue(Assert.java:41)
	at com.centrica.assetTracking.tests.stepDefinitions.FDE_Stepdefs.response_should_have_following_error_message_Invalid_UK_postcode_postcode_must_be_in_the_given_format_TW_NJ_including_a_space(FDE_Stepdefs.java:92)
	at ✽.And response should have following error message Invalid UK postcode, postcode must be in the given format TW20 8NJ, including a space(testFDE_endpoints.feature:13)
</failure>
  </testcase>
  <testcase classname="Scenario: Test to get address info by id" name="Given Engineer have address id for the mention postcode" time="0"/>
  <testcase classname="Scenario: Test to get address info by id" name="When he enters address id to findAddressById endpoint &quot;address_id&quot;" time="0"/>
  <testcase classname="Scenario: Test to get address info by id" name="And response should have status &apos;200&apos;" time="0"/>
  <testcase classname="Scenario: Test to get address info by id" name="And response should have following details &apos;&lt;street&gt;&apos;,&apos;&lt;town&gt;&apos;,&apos;&lt;id&gt;&apos;,&apos;&lt;firstLine&gt;&apos;" time="0"/>
  <testcase classname="Scenario: Test to get address info by id" name="Scenario: Test to get address info by id" time="0"/>
  <testcase classname="Scenario: Test to get address info by passing invalid id" name="Given Engineer passing invalid address id for the mention postcode" time="0">
    <skipped/>
    <system-out>
  Scenario: Test to get address info by id                                              &amp;#27;[90m# testFDE_endpoints.feature:17&amp;#27;[0m
    &amp;#27;[32mGiven &amp;#27;[0m&amp;#27;[32mEngineer have address id for the mention postcode&amp;#27;[0m                             &amp;#27;[90m# FDE_Stepdefs.engineerHaveAddressIdForTheMentionPostcode()&amp;#27;[0m
    &amp;#27;[32mWhen &amp;#27;[0m&amp;#27;[32mhe enters address id to findAddressById endpoint &quot;&amp;#27;[0m&amp;#27;[32m&amp;#27;[1maddress_id&amp;#27;[0m&amp;#27;[32m&quot;&amp;#27;[0m                  &amp;#27;[90m# FDE_Stepdefs.heEntersAddressIdToFindAddressByIdEndpoint(String)&amp;#27;[0m
    &amp;#27;[32mAnd &amp;#27;[0m&amp;#27;[32mresponse should have status &apos;&amp;#27;[0m&amp;#27;[32m&amp;#27;[1m200&amp;#27;[0m&amp;#27;[32m&apos;&amp;#27;[0m                                               &amp;#27;[90m# FDE_Stepdefs.responseShouldHaveStatus(int)&amp;#27;[0m
    &amp;#27;[32mAnd &amp;#27;[0m&amp;#27;[32mresponse should have following details &apos;&lt;street&gt;&apos;,&apos;&lt;town&gt;&apos;,&apos;&lt;id&gt;&apos;,&apos;&lt;firstLine&gt;&apos;&amp;#27;[0m &amp;#27;[90m# FDE_Stepdefs.responseShouldHaveFollowingDetailsStreetTownIdFirstLine()&amp;#27;[0m
</system-out>
  </testcase>
  <testcase classname="Scenario: Test to get address info by passing invalid id" name="When he enters address id to findAddressById endpoint &quot;address_id&quot;" time="0">
    <skipped/>
  </testcase>
  <testcase classname="Scenario: Test to get address info by passing invalid id" name="And response should have HTTP status &lt;number&gt;&apos;" time="0">
    <skipped/>
  </testcase>
  <testcase classname="Scenario: Test to get address info by passing invalid id" name="And response should have following error message &lt;error_message&gt;" time="0">
    <skipped/>
  </testcase>
  <testcase classname="Scenario: Test to get address info by passing invalid id" name="Scenario: Test to get address info by passing invalid id" time="0">
    <skipped/>
    <system-out>Ran the after
</system-out>
  </testcase>
  <testcase classname="Scenario: Test to get address info by passing invalid id" name="Scenario: Test to get address info by passing invalid id" time="0"/>
</testsuite>