<?xml version="1.0" encoding="UTF-8" ?>
<testsuite tests="36" failures="2" name="com.centrica.assetTracking.tests.runner.TestRunner" time="0" errors="0" skipped="5">
  <properties>
[...]
</properties>
  <testcase classname="Scenario: GET the customer information by Customer Id" name="Given Build the rest request with content-type and basic auth details" time="0"/>
  <testcase classname="Scenario: GET the customer information by Customer Id" name="When Initiate Rest service to get customer details with Customer Id as &quot;3000083750&quot;" time="0"/>
  <testcase classname="Scenario: GET the customer information by Customer Id" name="Then REST Response HTTP status code should be &quot;200&quot;" time="0"/>
  <testcase classname="Scenario: GET the customer information by Customer Id" name="And response should includes the following customer details" time="0"/>
  <testcase classname="Scenario: GET the customer information by Customer Id" name="Scenario: GET the customer information by Customer Id" time="0"/>
  <testcase classname="Scenario: GET the customer information by phoneNo" name="Given Build the rest request with content-type and basic auth details" time="0"/>
  <testcase classname="Scenario: GET the customer information by phoneNo" name="When Initiate Rest service to get customer details with phone No as &quot;00447778889994&quot;" time="0"/>
  <testcase classname="Scenario: GET the customer information by phoneNo" name="Then REST Response HTTP status code should be &quot;200&quot;" time="0"/>
  <testcase classname="Scenario: GET the customer information by phoneNo" name="And response should includes the following customer details" time="0"/>
  <testcase classname="Scenario: GET the customer information by phoneNo" name="Scenario: GET the customer information by phoneNo" time="0"/>
  <testcase classname="Scenario: GET the customer information by Account No" name="Given Build the rest request with content-type and basic auth details" time="0"/>
  <testcase classname="Scenario: GET the customer information by Account No" name="When Initiate Rest service to get customer details with Account No as &quot;850040644543&quot;" time="0"/>
  <testcase classname="Scenario: GET the customer information by Account No" name="Then REST Response HTTP status code should be &quot;200&quot;" time="0"/>
  <testcase classname="Scenario: GET the customer information by Account No" name="And response should includes the following customer details" time="0"/>
  <testcase classname="Scenario: GET the customer information by Account No" name="Scenario: GET the customer information by Account No" time="0"/>
  <testcase classname="Scenario: Testing POSTCode lookup endpoint" name="Given Engineer login to CI app" time="0"/>
  <testcase classname="Scenario: Testing POSTCode lookup endpoint" name="When he enters post code of customer &quot;DM001PL&quot;" time="0"/>
  <testcase classname="Scenario: Testing POSTCode lookup endpoint" name="Then response should have status &apos;200&apos;" time="0"/>
  <testcase classname="Scenario: Testing POSTCode lookup endpoint" name="And CI app should display all the address" time="0"/>
  <testcase classname="Scenario: Testing POSTCode lookup endpoint" name="Scenario: Testing POSTCode lookup endpoint" time="0"/>
  <testcase classname="| 404 | Invalid UK postcode, postcode must be in the given format TW20 8NJ, including a space |" name="Given Engineer login to CI app" time="0"/>
  <testcase classname="| 404 | Invalid UK postcode, postcode must be in the given format TW20 8NJ, including a space |" name="When he enters invalid post code of customer &quot;DM002PL00&quot;" time="0"/>
  <testcase classname="| 404 | Invalid UK postcode, postcode must be in the given format TW20 8NJ, including a space |" name="Then response should have HTTP status 404" time="0"/>
  <testcase classname="| 404 | Invalid UK postcode, postcode must be in the given format TW20 8NJ, including a space |" name="And response should have following error message Invalid UK postcode, postcode must be in the given format TW20 8NJ, including a space" time="0">
    <failure message="Error message Check Failed!" type="java.lang.AssertionError">java.lang.AssertionError: Error message Check Failed!
	at org.junit.Assert.fail(Assert.java:88)
	at org.junit.Assert.assertTrue(Assert.java:41)
	at com.centrica.assetTracking.tests.stepDefinitions.FDE_Stepdefs.response_should_have_following_error_message_Invalid_UK_postcode_postcode_must_be_in_the_given_format_TW_NJ_including_a_space(FDE_Stepdefs.java:92)
	at ✽.And response should have following error message Invalid UK postcode, postcode must be in the given format TW20 8NJ, including a space(testFDE_endpoints.feature:13)
</failure>
  </testcase>
  <testcase classname="| 404 | Invalid UK postcode, postcode must be in the given format TW20 8NJ, including a space |" name="| 404 | Invalid UK postcode, postcode must be in the given format TW20 8NJ, including a space |" time="0">
    <failure message="Error message Check Failed!" type="java.lang.AssertionError">java.lang.AssertionError: Error message Check Failed!
	at org.junit.Assert.fail(Assert.java:88)
	at org.junit.Assert.assertTrue(Assert.java:41)
	at com.centrica.assetTracking.tests.stepDefinitions.FDE_Stepdefs.response_should_have_following_error_message_Invalid_UK_postcode_postcode_must_be_in_the_given_format_TW_NJ_including_a_space(FDE_Stepdefs.java:92)
	at ✽.And response should have following error message Invalid UK postcode, postcode must be in the given format TW20 8NJ, including a space(testFDE_endpoints.feature:13)
</failure>
  </testcase>
  <testcase classname="Scenario: Test to get address info by id" name="Given Engineer have address id for the mention postcode" time="0"/>
  <testcase classname="Scenario: Test to get address info by id" name="When he enters address id to findAddressById endpoint &quot;address_id&quot;" time="0"/>
  <testcase classname="Scenario: Test to get address info by id" name="And response should have status &apos;200&apos;" time="0"/>
  <testcase classname="Scenario: Test to get address info by id" name="And response should have following details &apos;&lt;street&gt;&apos;,&apos;&lt;town&gt;&apos;,&apos;&lt;id&gt;&apos;,&apos;&lt;firstLine&gt;&apos;" time="0"/>
  <testcase classname="Scenario: Test to get address info by id" name="Scenario: Test to get address info by id" time="0"/>
  <testcase classname="Scenario: Test to get address info by passing invalid id" name="Given Engineer passing invalid address id for the mention postcode" time="0">
    <skipped/>
    <system-out>
  Scenario: Test to get address info by id                                              &amp;#27;[90m# testFDE_endpoints.feature:17&amp;#27;[0m
    &amp;#27;[32mGiven &amp;#27;[0m&amp;#27;[32mEngineer have address id for the mention postcode&amp;#27;[0m                             &amp;#27;[90m# FDE_Stepdefs.engineerHaveAddressIdForTheMentionPostcode()&amp;#27;[0m
    &amp;#27;[32mWhen &amp;#27;[0m&amp;#27;[32mhe enters address id to findAddressById endpoint &quot;&amp;#27;[0m&amp;#27;[32m&amp;#27;[1maddress_id&amp;#27;[0m&amp;#27;[32m&quot;&amp;#27;[0m                  &amp;#27;[90m# FDE_Stepdefs.heEntersAddressIdToFindAddressByIdEndpoint(String)&amp;#27;[0m
    &amp;#27;[32mAnd &amp;#27;[0m&amp;#27;[32mresponse should have status &apos;&amp;#27;[0m&amp;#27;[32m&amp;#27;[1m200&amp;#27;[0m&amp;#27;[32m&apos;&amp;#27;[0m                                               &amp;#27;[90m# FDE_Stepdefs.responseShouldHaveStatus(int)&amp;#27;[0m
    &amp;#27;[32mAnd &amp;#27;[0m&amp;#27;[32mresponse should have following details &apos;&lt;street&gt;&apos;,&apos;&lt;town&gt;&apos;,&apos;&lt;id&gt;&apos;,&apos;&lt;firstLine&gt;&apos;&amp;#27;[0m &amp;#27;[90m# FDE_Stepdefs.responseShouldHaveFollowingDetailsStreetTownIdFirstLine()&amp;#27;[0m
</system-out>
  </testcase>
  <testcase classname="Scenario: Test to get address info by passing invalid id" name="When he enters address id to findAddressById endpoint &quot;address_id&quot;" time="0">
    <skipped/>
  </testcase>
  <testcase classname="Scenario: Test to get address info by passing invalid id" name="And response should have HTTP status &lt;number&gt;&apos;" time="0">
    <skipped/>
  </testcase>
  <testcase classname="Scenario: Test to get address info by passing invalid id" name="And response should have following error message &lt;error_message&gt;" time="0">
    <skipped/>
  </testcase>
  <testcase classname="Scenario: Test to get address info by passing invalid id" name="Scenario: Test to get address info by passing invalid id" time="0">
    <skipped/>
    <system-out>Ran the after
</system-out>
  </testcase>
  <testcase classname="Scenario: Test to get address info by passing invalid id" name="Scenario: Test to get address info by passing invalid id" time="0"/>
</testsuite>